<?xml version="1.0" encoding="UTF-8"?>
<!-- Generated by org.testng.reporters.JUnitXMLReporter -->
<testsuite hostname="DESKTOP-REPBJCP" ignored="0" name="Test" tests="1" failures="0" timestamp="26 Apr 2020 14:10:11 GMT" time="0.063" errors="0">
  <testcase name="@BeforeClass openBrowser" time="0.0" classname="com.actitime.generics.BaseClass">
    <failure type="org.testng.TestNGException" message="
Can inject only one of &amp;lt;ITestContext, XmlTest&amp;gt; into a @BeforeClass annotated openBrowser.
For more information on native dependency injection please refer to http://testng.org/doc/documentation-main.html#native-dependency-injection">
      <![CDATA[org.testng.TestNGException: 
Can inject only one of <ITestContext, XmlTest> into a @BeforeClass annotated openBrowser.
For more information on native dependency injection please refer to http://testng.org/doc/documentation-main.html#native-dependency-injection
... Removed 23 stack frames]]>
    </failure>
  </testcase> <!-- @BeforeClass openBrowser -->
  <testcase name="@BeforeMethod login" time="0.0" classname="com.actitime.generics.BaseClass">
    <skipped/>
  </testcase> <!-- @BeforeMethod login -->
  <testcase name="@AfterMethod loout" time="0.0" classname="com.actitime.generics.BaseClass">
    <skipped/>
  </testcase> <!-- @AfterMethod loout -->
  <testcase name="@AfterClass closeBrowser" time="0.0" classname="com.actitime.generics.BaseClass">
    <skipped/>
  </testcase> <!-- @AfterClass closeBrowser -->
  <testcase name="testCreatCustome" time="0.0" classname="com.actitime.test.CreatCustomer">
    <skipped/>
  </testcase> <!-- testCreatCustome -->
</testsuite> <!-- Test -->
